0 info it worked if it ends with ok
1 verbose cli [
1 verbose cli   '/root/.nvm/versions/node/v14.21.3/bin/node',
1 verbose cli   '/root/.nvm/versions/node/v14.21.3/bin/npm',
1 verbose cli   'run',
1 verbose cli   'development',
1 verbose cli   '--no-cache'
1 verbose cli ]
2 info using npm@6.14.18
3 info using node@v14.21.3
4 verbose run-script [ 'predevelopment', 'development', 'postdevelopment' ]
5 info lifecycle yugioh@1.0.0~predevelopment: yugioh@1.0.0
6 info lifecycle yugioh@1.0.0~development: yugioh@1.0.0
7 verbose lifecycle yugioh@1.0.0~development: unsafe-perm in lifecycle true
8 verbose lifecycle yugioh@1.0.0~development: PATH: /root/.nvm/versions/node/v14.21.3/lib/node_modules/npm/node_modules/npm-lifecycle/node-gyp-bin:/var/www/tcgrating/node_modules/.bin:/root/.nvm/versions/node/v14.21.3/lib/node_modules/npm/node_modules/npm-lifecycle/node-gyp-bin:/var/www/tcgrating/node_modules/.bin:/root/.nvm/versions/node/v14.21.3/bin:/usr/local/sbin:/usr/local/bin:/usr/sbin:/usr/bin:/sbin:/bin
9 verbose lifecycle yugioh@1.0.0~development: CWD: /var/www/tcgrating
10 silly lifecycle yugioh@1.0.0~development: Args: [ '-c', 'mix' ]
11 silly lifecycle yugioh@1.0.0~development: Returned: code: 1  signal: null
12 info lifecycle yugioh@1.0.0~development: Failed to exec development script
13 verbose stack Error: yugioh@1.0.0 development: `mix`
13 verbose stack Exit status 1
13 verbose stack     at EventEmitter.<anonymous> (/root/.nvm/versions/node/v14.21.3/lib/node_modules/npm/node_modules/npm-lifecycle/index.js:332:16)
13 verbose stack     at EventEmitter.emit (events.js:400:28)
13 verbose stack     at ChildProcess.<anonymous> (/root/.nvm/versions/node/v14.21.3/lib/node_modules/npm/node_modules/npm-lifecycle/lib/spawn.js:55:14)
13 verbose stack     at ChildProcess.emit (events.js:400:28)
13 verbose stack     at maybeClose (internal/child_process.js:1088:16)
13 verbose stack     at Process.ChildProcess._handle.onexit (internal/child_process.js:296:5)
14 verbose pkgid yugioh@1.0.0
15 verbose cwd /var/www/tcgrating
16 verbose Linux 5.10.124-linuxkit
17 verbose argv "/root/.nvm/versions/node/v14.21.3/bin/node" "/root/.nvm/versions/node/v14.21.3/bin/npm" "run" "development" "--no-cache"
18 verbose node v14.21.3
19 verbose npm  v6.14.18
20 error code ELIFECYCLE
21 error errno 1
22 error yugioh@1.0.0 development: `mix`
22 error Exit status 1
23 error Failed at the yugioh@1.0.0 development script.
23 error This is probably not a problem with npm. There is likely additional logging output above.
24 verbose exit [ 1, true ]
